# JRE version: Java(TM) SE Runtime Environment (17.0.10+11) (build 17.0.10+11-LTS-240)
# Java VM: Java HotSpot(TM) 64-Bit Server VM (17.0.10+11-LTS-240, mixed mode, sharing, tiered, compressed oops, compressed class ptrs, g1 gc, windows-amd64)
GC Precious Log:
 CPUs: 24 total, 24 available
 Memory: 16072M
 Large Page Support: Disabled
 NUMA Support: Disabled
 Compressed Oops: Enabled (Zero based)
 Heap Region Size: 2M
 Heap Min Capacity: 8M
 Heap Initial Capacity: 252M
 Heap Max Capacity: 4020M
 Pre-touch: Disabled
 Parallel Workers: 18
 Concurrent Workers: 5
 Concurrent Refinement Workers: 18
 Periodic GC: Disabled
Heap:
 garbage-first heap   total 98304K, used 42507K [0x0000000704c00000, 0x0000000800000000)
  region size 2048K, 4 young (8192K), 2 survivors (4096K)
 Metaspace       used 70895K, committed 71424K, reserved 1114112K
  class space    used 9760K, committed 10048K, reserved 1048576K
GC Heap History (20 events):
Event: 1.100 GC heap before
{Heap before GC invocations=3 (full 0):
 garbage-first heap   total 258048K, used 42221K [0x0000000704c00000, 0x0000000800000000)
  region size 2048K, 18 young (36864K), 4 survivors (8192K)
 Metaspace       used 21253K, committed 21568K, reserved 1114112K
  class space    used 2614K, committed 2752K, reserved 1048576K
}
Event: 1.103 GC heap after
{Heap after GC invocations=4 (full 0):
 garbage-first heap   total 258048K, used 20695K [0x0000000704c00000, 0x0000000800000000)
  region size 2048K, 6 young (12288K), 6 survivors (12288K)
 Metaspace       used 21253K, committed 21568K, reserved 1114112K
  class space    used 2614K, committed 2752K, reserved 1048576K
}
Event: 1.534 GC heap before
{Heap before GC invocations=5 (full 0):
 garbage-first heap   total 81920K, used 55511K [0x0000000704c00000, 0x0000000800000000)
  region size 2048K, 25 young (51200K), 6 survivors (12288K)
 Metaspace       used 26843K, committed 27200K, reserved 1114112K
  class space    used 3351K, committed 3520K, reserved 1048576K
}
Event: 1.539 GC heap after
{Heap after GC invocations=6 (full 0):
 garbage-first heap   total 81920K, used 23864K [0x0000000704c00000, 0x0000000800000000)
  region size 2048K, 6 young (12288K), 6 survivors (12288K)
 Metaspace       used 26843K, committed 27200K, reserved 1114112K
  class space    used 3351K, committed 3520K, reserved 1048576K
}
Event: 1.888 GC heap before
{Heap before GC invocations=6 (full 0):
 garbage-first heap   total 81920K, used 54584K [0x0000000704c00000, 0x0000000800000000)
  region size 2048K, 21 young (43008K), 6 survivors (12288K)
 Metaspace       used 33644K, committed 34048K, reserved 1114112K
  class space    used 4421K, committed 4608K, reserved 1048576K
}
Event: 1.893 GC heap after
{Heap after GC invocations=7 (full 0):
 garbage-first heap   total 81920K, used 25797K [0x0000000704c00000, 0x0000000800000000)
  region size 2048K, 2 young (4096K), 2 survivors (4096K)
 Metaspace       used 33644K, committed 34048K, reserved 1114112K
  class space    used 4421K, committed 4608K, reserved 1048576K
}
Event: 2.010 GC heap before
{Heap before GC invocations=7 (full 0):
 garbage-first heap   total 81920K, used 31941K [0x0000000704c00000, 0x0000000800000000)
  region size 2048K, 6 young (12288K), 2 survivors (4096K)
 Metaspace       used 35562K, committed 35968K, reserved 1114112K
  class space    used 4657K, committed 4864K, reserved 1048576K
}
Event: 2.012 GC heap after
{Heap after GC invocations=8 (full 0):
 garbage-first heap   total 81920K, used 25210K [0x0000000704c00000, 0x0000000800000000)
  region size 2048K, 2 young (4096K), 2 survivors (4096K)
 Metaspace       used 35562K, committed 35968K, reserved 1114112K
  class space    used 4657K, committed 4864K, reserved 1048576K
}
Event: 2.380 GC heap before
{Heap before GC invocations=9 (full 0):
 garbage-first heap   total 81920K, used 57978K [0x0000000704c00000, 0x0000000800000000)
  region size 2048K, 18 young (36864K), 2 survivors (4096K)
 Metaspace       used 43214K, committed 43648K, reserved 1114112K
  class space    used 5599K, committed 5824K, reserved 1048576K
}
Event: 2.381 GC heap after
{Heap after GC invocations=10 (full 0):
 garbage-first heap   total 81920K, used 26564K [0x0000000704c00000, 0x0000000800000000)
  region size 2048K, 2 young (4096K), 2 survivors (4096K)
 Metaspace       used 43214K, committed 43648K, reserved 1114112K
  class space    used 5599K, committed 5824K, reserved 1048576K
}
Event: 2.671 GC heap before
{Heap before GC invocations=10 (full 0):
 garbage-first heap   total 81920K, used 57284K [0x0000000704c00000, 0x0000000800000000)
  region size 2048K, 18 young (36864K), 2 survivors (4096K)
 Metaspace       used 51127K, committed 51520K, reserved 1114112K
  class space    used 6829K, committed 7040K, reserved 1048576K
}
Event: 2.673 GC heap after
{Heap after GC invocations=11 (full 0):
 garbage-first heap   total 81920K, used 27965K [0x0000000704c00000, 0x0000000800000000)
  region size 2048K, 2 young (4096K), 2 survivors (4096K)
 Metaspace       used 51127K, committed 51520K, reserved 1114112K
  class space    used 6829K, committed 7040K, reserved 1048576K
}
Event: 2.918 GC heap before
{Heap before GC invocations=11 (full 0):
 garbage-first heap   total 81920K, used 58685K [0x0000000704c00000, 0x0000000800000000)
  region size 2048K, 18 young (36864K), 2 survivors (4096K)
 Metaspace       used 56234K, committed 56704K, reserved 1114112K
  class space    used 7499K, committed 7680K, reserved 1048576K
}
Event: 2.920 GC heap after
{Heap after GC invocations=12 (full 0):
 garbage-first heap   total 81920K, used 29678K [0x0000000704c00000, 0x0000000800000000)
  region size 2048K, 3 young (6144K), 3 survivors (6144K)
 Metaspace       used 56234K, committed 56704K, reserved 1114112K
  class space    used 7499K, committed 7680K, reserved 1048576K
}
Event: 3.269 GC heap before
{Heap before GC invocations=12 (full 0):
 garbage-first heap   total 81920K, used 58350K [0x0000000704c00000, 0x0000000800000000)
  region size 2048K, 18 young (36864K), 3 survivors (6144K)
 Metaspace       used 59744K, committed 60160K, reserved 1114112K
  class space    used 7943K, committed 8128K, reserved 1048576K
}
Event: 3.273 GC heap after
{Heap after GC invocations=13 (full 0):
 garbage-first heap   total 81920K, used 32511K [0x0000000704c00000, 0x0000000800000000)
  region size 2048K, 3 young (6144K), 3 survivors (6144K)
 Metaspace       used 59744K, committed 60160K, reserved 1114112K
  class space    used 7943K, committed 8128K, reserved 1048576K
}
Event: 3.659 GC heap before
{Heap before GC invocations=14 (full 0):
 garbage-first heap   total 81920K, used 61183K [0x0000000704c00000, 0x0000000800000000)
  region size 2048K, 18 young (36864K), 3 survivors (6144K)
 Metaspace       used 66062K, committed 66560K, reserved 1114112K
  class space    used 9093K, committed 9344K, reserved 1048576K
}
Event: 3.664 GC heap after
{Heap after GC invocations=15 (full 0):
 garbage-first heap   total 81920K, used 36044K [0x0000000704c00000, 0x0000000800000000)
  region size 2048K, 3 young (6144K), 3 survivors (6144K)
 Metaspace       used 66062K, committed 66560K, reserved 1114112K
  class space    used 9093K, committed 9344K, reserved 1048576K
}
Event: 1292.463 GC heap before
{Heap before GC invocations=15 (full 0):
 garbage-first heap   total 81920K, used 64716K [0x0000000704c00000, 0x0000000800000000)
  region size 2048K, 16 young (32768K), 3 survivors (6144K)
 Metaspace       used 70697K, committed 71232K, reserved 1114112K
  class space    used 9737K, committed 9984K, reserved 1048576K
}
Event: 1292.466 GC heap after
{Heap after GC invocations=16 (full 0):
 garbage-first heap   total 98304K, used 40459K [0x0000000704c00000, 0x0000000800000000)
  region size 2048K, 2 young (4096K), 2 survivors (4096K)
 Metaspace       used 70697K, committed 71232K, reserved 1114112K
  class space    used 9737K, committed 9984K, reserved 1048576K
}

